This is XeTeX, Version 3.14159265-2.6-0.99996 (TeX Live 2016/Debian) (preloaded format=xelatex 2019.3.18)  18 DEC 2020 11:53
entering extended mode
 restricted \write18 enabled.
 %&-line parsing enabled.
**USCLAP.tex
(./USCLAP.tex
LaTeX2e <2017/01/01> patch level 3
Babel <3.9r> and hyphenation patterns for 83 language(s) loaded.
(/usr/share/texlive/texmf-dist/tex/latex/base/article.cls
Document Class: article 2014/09/29 v1.4h Standard LaTeX document class
(/usr/share/texlive/texmf-dist/tex/latex/base/size10.clo
File: size10.clo 2014/09/29 v1.4h Standard LaTeX file (size option)
)
\c@part=\count79
\c@section=\count80
\c@subsection=\count81
\c@subsubsection=\count82
\c@paragraph=\count83
\c@subparagraph=\count84
\c@figure=\count85
\c@table=\count86
\abovecaptionskip=\skip41
\belowcaptionskip=\skip42
\bibindent=\dimen102
) (/usr/share/texmf/tex/latex/lm/lmodern.sty
Package: lmodern 2009/10/30 v1.6 Latin Modern Fonts
LaTeX Font Info:    Overwriting symbol font `operators' in version `normal'
(Font)                  OT1/cmr/m/n --> OT1/lmr/m/n on input line 22.
LaTeX Font Info:    Overwriting symbol font `letters' in version `normal'
(Font)                  OML/cmm/m/it --> OML/lmm/m/it on input line 23.
LaTeX Font Info:    Overwriting symbol font `symbols' in version `normal'
(Font)                  OMS/cmsy/m/n --> OMS/lmsy/m/n on input line 24.
LaTeX Font Info:    Overwriting symbol font `largesymbols' in version `normal'
(Font)                  OMX/cmex/m/n --> OMX/lmex/m/n on input line 25.
LaTeX Font Info:    Overwriting symbol font `operators' in version `bold'
(Font)                  OT1/cmr/bx/n --> OT1/lmr/bx/n on input line 26.
LaTeX Font Info:    Overwriting symbol font `letters' in version `bold'
(Font)                  OML/cmm/b/it --> OML/lmm/b/it on input line 27.
LaTeX Font Info:    Overwriting symbol font `symbols' in version `bold'
(Font)                  OMS/cmsy/b/n --> OMS/lmsy/b/n on input line 28.
LaTeX Font Info:    Overwriting symbol font `largesymbols' in version `bold'
(Font)                  OMX/cmex/m/n --> OMX/lmex/m/n on input line 29.
LaTeX Font Info:    Overwriting math alphabet `\mathbf' in version `normal'
(Font)                  OT1/cmr/bx/n --> OT1/lmr/bx/n on input line 31.
LaTeX Font Info:    Overwriting math alphabet `\mathsf' in version `normal'
(Font)                  OT1/cmss/m/n --> OT1/lmss/m/n on input line 32.
LaTeX Font Info:    Overwriting math alphabet `\mathit' in version `normal'
(Font)                  OT1/cmr/m/it --> OT1/lmr/m/it on input line 33.
LaTeX Font Info:    Overwriting math alphabet `\mathtt' in version `normal'
(Font)                  OT1/cmtt/m/n --> OT1/lmtt/m/n on input line 34.
LaTeX Font Info:    Overwriting math alphabet `\mathbf' in version `bold'
(Font)                  OT1/cmr/bx/n --> OT1/lmr/bx/n on input line 35.
LaTeX Font Info:    Overwriting math alphabet `\mathsf' in version `bold'
(Font)                  OT1/cmss/bx/n --> OT1/lmss/bx/n on input line 36.
LaTeX Font Info:    Overwriting math alphabet `\mathit' in version `bold'
(Font)                  OT1/cmr/bx/it --> OT1/lmr/bx/it on input line 37.
LaTeX Font Info:    Overwriting math alphabet `\mathtt' in version `bold'
(Font)                  OT1/cmtt/m/n --> OT1/lmtt/m/n on input line 38.
) (/usr/share/texlive/texmf-dist/tex/latex/amsfonts/amssymb.sty
Package: amssymb 2013/01/14 v3.01 AMS font symbols
(/usr/share/texlive/texmf-dist/tex/latex/amsfonts/amsfonts.sty
Package: amsfonts 2013/01/14 v3.01 Basic AMSFonts support
\@emptytoks=\toks14
\symAMSa=\mathgroup4
\symAMSb=\mathgroup5
LaTeX Font Info:    Overwriting math alphabet `\mathfrak' in version `bold'
(Font)                  U/euf/m/n --> U/euf/b/n on input line 106.
)) (/usr/share/texlive/texmf-dist/tex/latex/amsmath/amsmath.sty
Package: amsmath 2016/11/05 v2.16a AMS math features
\@mathmargin=\skip43
For additional information on amsmath, use the `?' option.
(/usr/share/texlive/texmf-dist/tex/latex/amsmath/amstext.sty
Package: amstext 2000/06/29 v2.01 AMS text
(/usr/share/texlive/texmf-dist/tex/latex/amsmath/amsgen.sty
File: amsgen.sty 1999/11/30 v2.0 generic functions
\@emptytoks=\toks15
\ex@=\dimen103
)) (/usr/share/texlive/texmf-dist/tex/latex/amsmath/amsbsy.sty
Package: amsbsy 1999/11/29 v1.2d Bold Symbols
\pmbraise@=\dimen104
) (/usr/share/texlive/texmf-dist/tex/latex/amsmath/amsopn.sty
Package: amsopn 2016/03/08 v2.02 operator names
)
\inf@bad=\count87
LaTeX Info: Redefining \frac on input line 213.
\uproot@=\count88
\leftroot@=\count89
LaTeX Info: Redefining \overline on input line 375.
\classnum@=\count90
\DOTSCASE@=\count91
LaTeX Info: Redefining \ldots on input line 472.
LaTeX Info: Redefining \dots on input line 475.
LaTeX Info: Redefining \cdots on input line 596.
\Mathstrutbox@=\box26
\strutbox@=\box27
\big@size=\dimen105
LaTeX Font Info:    Redeclaring font encoding OML on input line 712.
LaTeX Font Info:    Redeclaring font encoding OMS on input line 713.
\macc@depth=\count92
\c@MaxMatrixCols=\count93
\dotsspace@=\muskip10
\c@parentequation=\count94
\dspbrk@lvl=\count95
\tag@help=\toks16
\row@=\count96
\column@=\count97
\maxfields@=\count98
\andhelp@=\toks17
\eqnshift@=\dimen106
\alignsep@=\dimen107
\tagshift@=\dimen108
\tagwidth@=\dimen109
\totwidth@=\dimen110
\lineht@=\dimen111
\@envbody=\toks18
\multlinegap=\skip44
\multlinetaggap=\skip45
\mathdisplay@stack=\toks19
LaTeX Info: Redefining \[ on input line 2817.
LaTeX Info: Redefining \] on input line 2818.
) (/usr/share/texlive/texmf-dist/tex/generic/ifxetex/ifxetex.sty
Package: ifxetex 2010/09/12 v0.6 Provides ifxetex conditional
) (/usr/share/texlive/texmf-dist/tex/generic/oberdiek/ifluatex.sty
Package: ifluatex 2016/05/16 v1.4 Provides the ifluatex switch (HO)
Package ifluatex Info: LuaTeX not detected.
) (/usr/share/texlive/texmf-dist/tex/latex/base/fixltx2e.sty
Package: fixltx2e 2016/12/29 v2.1a fixes to LaTeX (obsolete)
Applying: [2015/01/01] Old fixltx2e package on input line 46.

Package fixltx2e Warning: fixltx2e is not required with releases after 2015
(fixltx2e)                All fixes are now in the LaTeX kernel.
(fixltx2e)                See the latexrelease package for details.

Already applied: [0000/00/00] Old fixltx2e package on input line 53.
) (/usr/share/texlive/texmf-dist/tex/xelatex/mathspec/mathspec.sty
Package: mathspec 2016/12/22 v0.2b LaTeX Package (Mathematics font selection fo
r XeLaTeX)
(/usr/share/texlive/texmf-dist/tex/latex/etoolbox/etoolbox.sty
Package: etoolbox 2017/01/02 v2.4 e-TeX tools for LaTeX (JAW)
\etb@tempcnta=\count99
) (/usr/share/texlive/texmf-dist/tex/latex/fontspec/fontspec.sty (/usr/share/te
xlive/texmf-dist/tex/latex/l3kernel/expl3.sty
Package: expl3 2016/11/21 v6760 L3 programming layer (loader) 
(/usr/share/texlive/texmf-dist/tex/latex/l3kernel/expl3-code.tex
Package: expl3 2016/11/21 v6760 L3 programming layer (code)
L3 Module: l3bootstrap 2016/06/13 v6596 L3 Bootstrap code
L3 Module: l3names 2016/10/13 v6722 L3 Namespace for primitives
L3 Module: l3basics 2016/09/01 v6696 L3 Basic definitions
L3 Module: l3expan 2016/08/19 v6684 L3 Argument expansion
L3 Module: l3tl 2016/08/19 v6692 L3 Token lists
L3 Module: l3str 2016/08/19 v6692 L3 Strings
L3 Module: l3seq 2016/08/19 v6685 L3 Sequences and stacks
L3 Module: l3int 2016/09/07 v6700 L3 Integers
\c_max_int=\count100
\l_tmpa_int=\count101
\l_tmpb_int=\count102
\g_tmpa_int=\count103
\g_tmpb_int=\count104
L3 Module: l3quark 2016/08/19 v6685 L3 Quarks
L3 Module: l3prg 2016/08/18 v6679 L3 Control structures
\g__prg_map_int=\count105
L3 Module: l3clist 2016/08/19 v6685 L3 Comma separated lists
L3 Module: l3token 2016/09/01 v6695 L3 Experimental token manipulation
L3 Module: l3prop 2016/08/19 v6685 L3 Property lists
L3 Module: l3msg 2016/08/19 v6691 L3 Messages
L3 Module: l3file 2016/08/19 v6685 L3 File and I/O operations
\l_iow_line_count_int=\count106
\l__iow_target_count_int=\count107
\l__iow_current_line_int=\count108
\l__iow_current_word_int=\count109
\l__iow_current_indentation_int=\count110
L3 Module: l3skip 2016/08/19 v6692 L3 Dimensions and skips
\c_zero_dim=\dimen112
\c_max_dim=\dimen113
\l_tmpa_dim=\dimen114
\l_tmpb_dim=\dimen115
\g_tmpa_dim=\dimen116
\g_tmpb_dim=\dimen117
\c_zero_skip=\skip46
\c_max_skip=\skip47
\l_tmpa_skip=\skip48
\l_tmpb_skip=\skip49
\g_tmpa_skip=\skip50
\g_tmpb_skip=\skip51
\c_zero_muskip=\muskip11
\c_max_muskip=\muskip12
\l_tmpa_muskip=\muskip13
\l_tmpb_muskip=\muskip14
\g_tmpa_muskip=\muskip15
\g_tmpb_muskip=\muskip16
L3 Module: l3keys 2016/09/21 v6711 L3 Key-value interfaces
\l_keys_choice_int=\count111
L3 Module: l3fp 2016/11/21 v6761 L3 Floating points
\c__fp_leading_shift_int=\count112
\c__fp_middle_shift_int=\count113
\c__fp_trailing_shift_int=\count114
\c__fp_big_leading_shift_int=\count115
\c__fp_big_middle_shift_int=\count116
\c__fp_big_trailing_shift_int=\count117
\c__fp_Bigg_leading_shift_int=\count118
\c__fp_Bigg_middle_shift_int=\count119
\c__fp_Bigg_trailing_shift_int=\count120
L3 Module: l3box 2016/08/19 v6685 L3 Experimental boxes
\c_empty_box=\box28
\l_tmpa_box=\box29
\l_tmpb_box=\box30
\g_tmpa_box=\box31
\g_tmpb_box=\box32
L3 Module: l3coffins 2016/08/19 v6685 L3 Coffin code layer
\l__coffin_internal_box=\box33
\l__coffin_internal_dim=\dimen118
\l__coffin_offset_x_dim=\dimen119
\l__coffin_offset_y_dim=\dimen120
\l__coffin_x_dim=\dimen121
\l__coffin_y_dim=\dimen122
\l__coffin_x_prime_dim=\dimen123
\l__coffin_y_prime_dim=\dimen124
\c_empty_coffin=\box34
\l__coffin_aligned_coffin=\box35
\l__coffin_aligned_internal_coffin=\box36
\l_tmpa_coffin=\box37
\l_tmpb_coffin=\box38
\l__coffin_display_coffin=\box39
\l__coffin_display_coord_coffin=\box40
\l__coffin_display_pole_coffin=\box41
\l__coffin_display_offset_dim=\dimen125
\l__coffin_display_x_dim=\dimen126
\l__coffin_display_y_dim=\dimen127
L3 Module: l3color 2016/06/13 v6596 L3 Experimental color support
L3 Module: l3sys 2015/09/25 v6087 L3 Experimental system/runtime functions
L3 Module: l3candidates 2016/08/19 v6688 L3 Experimental additions to l3kernel
\l__box_top_dim=\dimen128
\l__box_bottom_dim=\dimen129
\l__box_left_dim=\dimen130
\l__box_right_dim=\dimen131
\l__box_top_new_dim=\dimen132
\l__box_bottom_new_dim=\dimen133
\l__box_left_new_dim=\dimen134
\l__box_right_new_dim=\dimen135
\l__box_internal_box=\box42
\l__coffin_bounding_shift_dim=\dimen136
\l__coffin_left_corner_dim=\dimen137
\l__coffin_right_corner_dim=\dimen138
\l__coffin_bottom_corner_dim=\dimen139
\l__coffin_top_corner_dim=\dimen140
\l__coffin_scaled_total_height_dim=\dimen141
\l__coffin_scaled_width_dim=\dimen142
L3 Module: l3luatex 2016/08/18 v6679 L3 Experimental LuaTeX-specific functions
) (/usr/share/texlive/texmf-dist/tex/latex/l3kernel/l3xdvipdfmx.def
File: l3xdvidpfmx.def 2016/08/18 v6679 L3 Experimental driver: xdvipdfmx
\l__driver_tmp_box=\box43
)) (/usr/share/texlive/texmf-dist/tex/latex/l3packages/xparse/xparse.sty
Package: xparse 2016/11/21 v6760 L3 Experimental document command parser
\l__xparse_current_arg_int=\count121
\l__xparse_m_args_int=\count122
\l__xparse_mandatory_args_int=\count123
\l__xparse_processor_int=\count124
\l__xparse_v_nesting_int=\count125
)
Package: fontspec 2017/02/12 v2.6 Font selection for XeLaTeX and LuaLaTeX
(/usr/share/texlive/texmf-dist/tex/latex/fontspec/fontspec-xetex.sty
Package: fontspec-xetex 2017/02/12 v2.6 Font selection for XeLaTeX and LuaLaTeX

\l__fontspec_script_int=\count126
\l__fontspec_language_int=\count127
\l__fontspec_strnum_int=\count128
\l__fontspec_tmp_int=\count129
\l__fontspec_em_int=\count130
\l__fontspec_emdef_int=\count131
\l__fontspec_strong_int=\count132
\l__fontspec_strongdef_int=\count133
\l__fontspec_tmpa_dim=\dimen143
\l__fontspec_tmpb_dim=\dimen144
\l__fontspec_tmpc_dim=\dimen145
\g__file_internal_ior=\read1
(/usr/share/texlive/texmf-dist/tex/latex/base/fontenc.sty
Package: fontenc 2017/02/22 v2.0g Standard LaTeX package
(/usr/share/texlive/texmf-dist/tex/latex/base/tuenc.def
File: tuenc.def 2017/02/22 v2.0g Standard LaTeX file
LaTeX Font Info:    Redeclaring font encoding TU on input line 82.
))
.................................................
. LaTeX info: "xparse/define-command"
. 
. Defining command \fontspec with sig. 'O{}mO{}' on line 475.
.................................................
.................................................
. LaTeX info: "xparse/define-command"
. 
. Defining command \setmainfont with sig. 'O{}mO{}' on line 491.
.................................................
.................................................
. LaTeX info: "xparse/define-command"
. 
. Defining command \setsansfont with sig. 'O{}mO{}' on line 507.
.................................................
.................................................
. LaTeX info: "xparse/define-command"
. 
. Defining command \setmonofont with sig. 'O{}mO{}' on line 523.
.................................................
.................................................
. LaTeX info: "xparse/define-command"
. 
. Defining command \setmathrm with sig. 'O{}mO{}' on line 528.
.................................................
.................................................
. LaTeX info: "xparse/define-command"
. 
. Defining command \setboldmathrm with sig. 'O{}mO{}' on line 533.
.................................................
.................................................
. LaTeX info: "xparse/define-command"
. 
. Defining command \setmathsf with sig. 'O{}mO{}' on line 538.
.................................................
.................................................
. LaTeX info: "xparse/define-command"
. 
. Defining command \setmathtt with sig. 'O{}mO{}' on line 543.
.................................................
.................................................
. LaTeX info: "xparse/define-command"
. 
. Defining command \newfontfamily with sig. 'mO{}mO{}' on line 563.
.................................................
.................................................
. LaTeX info: "xparse/define-command"
. 
. Defining command \newfontface with sig. 'mO{}mO{}' on line 567.
.................................................
.................................................
. LaTeX info: "xparse/define-command"
. 
. Defining command \defaultfontfeatures with sig. 't+om' on line 574.
.................................................
.................................................
. LaTeX info: "xparse/define-command"
. 
. Defining command \addfontfeatures with sig. 'm' on line 623.
.................................................
.................................................
. LaTeX info: "xparse/define-command"
. 
. Defining command \newfontfeature with sig. 'mm' on line 634.
.................................................
.................................................
. LaTeX info: "xparse/define-command"
. 
. Defining command \newAATfeature with sig. 'mmmm' on line 642.
.................................................
.................................................
. LaTeX info: "xparse/define-command"
. 
. Defining command \newopentypefeature with sig. 'mmm' on line 652.
.................................................
.................................................
. LaTeX info: "xparse/define-command"
. 
. Defining command \aliasfontfeature with sig. 'mm' on line 675.
.................................................
.................................................
. LaTeX info: "xparse/define-command"
. 
. Defining command \aliasfontfeatureoption with sig. 'mmm' on line 692.
.................................................
.................................................
. LaTeX info: "xparse/define-command"
. 
. Defining command \newfontscript with sig. 'mm' on line 696.
.................................................
.................................................
. LaTeX info: "xparse/define-command"
. 
. Defining command \newfontlanguage with sig. 'mm' on line 700.
.................................................
.................................................
. LaTeX info: "xparse/define-command"
. 
. Defining command \DeclareFontsExtensions with sig. 'm' on line 705.
.................................................
.................................................
. LaTeX info: "xparse/define-command"
. 
. Defining command \IfFontFeatureActiveTF with sig. 'mmm' on line 711.
.................................................
.................................................
. LaTeX info: "xparse/define-command"
. 
. Defining command \EncodingCommand with sig. 'mO{}m' on line 3338.
.................................................
.................................................
. LaTeX info: "xparse/define-command"
. 
. Defining command \EncodingAccent with sig. 'mm' on line 3344.
.................................................
.................................................
. LaTeX info: "xparse/define-command"
. 
. Defining command \EncodingSymbol with sig. 'mm' on line 3350.
.................................................
.................................................
. LaTeX info: "xparse/define-command"
. 
. Defining command \EncodingComposite with sig. 'mmm' on line 3356.
.................................................
.................................................
. LaTeX info: "xparse/define-command"
. 
. Defining command \EncodingCompositeCommand with sig. 'mmm' on line 3362.
.................................................
.................................................
. LaTeX info: "xparse/define-command"
. 
. Defining command \DeclareUnicodeEncoding with sig. 'mm' on line 3387.
.................................................
.................................................
. LaTeX info: "xparse/define-command"
. 
. Defining command \UndeclareSymbol with sig. 'm' on line 3393.
.................................................
.................................................
. LaTeX info: "xparse/define-command"
. 
. Defining command \UndeclareComposite with sig. 'mm' on line 3401.
.................................................
(/usr/share/texlive/texmf-dist/tex/latex/fontspec/fontspec.cfg)
LaTeX Info: Redefining \itshape on input line 3586.
LaTeX Info: Redefining \slshape on input line 3591.
LaTeX Info: Redefining \scshape on input line 3596.
LaTeX Info: Redefining \upshape on input line 3601.
LaTeX Info: Redefining \em on input line 3631.
LaTeX Info: Redefining \emph on input line 3656.
LaTeX Info: Redefining \- on input line 3707.
.................................................
. LaTeX info: "xparse/redefine-command"
. 
. Redefining command \oldstylenums with sig. 'm' on line 3802.
.................................................
.................................................
. LaTeX info: "xparse/define-command"
. 
. Defining command \liningnums with sig. 'm' on line 3806.
.................................................
)) (/usr/share/texlive/texmf-dist/tex/latex/xkeyval/xkeyval.sty
Package: xkeyval 2014/12/03 v2.7a package option processing (HA)
(/usr/share/texlive/texmf-dist/tex/generic/xkeyval/xkeyval.tex (/usr/share/texl
ive/texmf-dist/tex/generic/xkeyval/xkvutils.tex
\XKV@toks=\toks20
\XKV@tempa@toks=\toks21
(/usr/share/texlive/texmf-dist/tex/generic/xkeyval/keyval.tex))
\XKV@depth=\count134
File: xkeyval.tex 2014/12/03 v2.7a key=value parser (HA)
))
\c@eu@=\count135
\c@eu@i=\count136
\c@mkern=\count137
) (/usr/share/texlive/texmf-dist/tex/latex/upquote/upquote.sty
Package: upquote 2012/04/19 v1.3 upright-quote and grave-accent glyphs in verba
tim
(/usr/share/texlive/texmf-dist/tex/latex/base/textcomp.sty
Package: textcomp 2017/02/22 v2.0g Standard LaTeX package
Package textcomp Info: Sub-encoding information:
(textcomp)               5 = only ISO-Adobe without \textcurrency
(textcomp)               4 = 5 + \texteuro
(textcomp)               3 = 4 + \textohm
(textcomp)               2 = 3 + \textestimated + \textcurrency
(textcomp)               1 = TS1 - \textcircled - \t
(textcomp)               0 = TS1 (full)
(textcomp)             Font families with sub-encoding setting implement
(textcomp)             only a restricted character set as indicated.
(textcomp)             Family '?' is the default used for unknown fonts.
(textcomp)             See the documentation for details.
Package textcomp Info: Setting ? sub-encoding to TS1/1 on input line 79.
(/usr/share/texlive/texmf-dist/tex/latex/base/ts1enc.def
File: ts1enc.def 2001/06/05 v3.0e (jk/car/fm) Standard LaTeX file
)
LaTeX Info: Redefining \oldstylenums on input line 334.
Package textcomp Info: Setting cmr sub-encoding to TS1/0 on input line 349.
Package textcomp Info: Setting cmss sub-encoding to TS1/0 on input line 350.
Package textcomp Info: Setting cmtt sub-encoding to TS1/0 on input line 351.
Package textcomp Info: Setting cmvtt sub-encoding to TS1/0 on input line 352.
Package textcomp Info: Setting cmbr sub-encoding to TS1/0 on input line 353.
Package textcomp Info: Setting cmtl sub-encoding to TS1/0 on input line 354.
Package textcomp Info: Setting ccr sub-encoding to TS1/0 on input line 355.
Package textcomp Info: Setting ptm sub-encoding to TS1/4 on input line 356.
Package textcomp Info: Setting pcr sub-encoding to TS1/4 on input line 357.
Package textcomp Info: Setting phv sub-encoding to TS1/4 on input line 358.
Package textcomp Info: Setting ppl sub-encoding to TS1/3 on input line 359.
Package textcomp Info: Setting pag sub-encoding to TS1/4 on input line 360.
Package textcomp Info: Setting pbk sub-encoding to TS1/4 on input line 361.
Package textcomp Info: Setting pnc sub-encoding to TS1/4 on input line 362.
Package textcomp Info: Setting pzc sub-encoding to TS1/4 on input line 363.
Package textcomp Info: Setting bch sub-encoding to TS1/4 on input line 364.
Package textcomp Info: Setting put sub-encoding to TS1/5 on input line 365.
Package textcomp Info: Setting uag sub-encoding to TS1/5 on input line 366.
Package textcomp Info: Setting ugq sub-encoding to TS1/5 on input line 367.
Package textcomp Info: Setting ul8 sub-encoding to TS1/4 on input line 368.
Package textcomp Info: Setting ul9 sub-encoding to TS1/4 on input line 369.
Package textcomp Info: Setting augie sub-encoding to TS1/5 on input line 370.
Package textcomp Info: Setting dayrom sub-encoding to TS1/3 on input line 371.
Package textcomp Info: Setting dayroms sub-encoding to TS1/3 on input line 372.

Package textcomp Info: Setting pxr sub-encoding to TS1/0 on input line 373.
Package textcomp Info: Setting pxss sub-encoding to TS1/0 on input line 374.
Package textcomp Info: Setting pxtt sub-encoding to TS1/0 on input line 375.
Package textcomp Info: Setting txr sub-encoding to TS1/0 on input line 376.
Package textcomp Info: Setting txss sub-encoding to TS1/0 on input line 377.
Package textcomp Info: Setting txtt sub-encoding to TS1/0 on input line 378.
Package textcomp Info: Setting lmr sub-encoding to TS1/0 on input line 379.
Package textcomp Info: Setting lmdh sub-encoding to TS1/0 on input line 380.
Package textcomp Info: Setting lmss sub-encoding to TS1/0 on input line 381.
Package textcomp Info: Setting lmssq sub-encoding to TS1/0 on input line 382.
Package textcomp Info: Setting lmvtt sub-encoding to TS1/0 on input line 383.
Package textcomp Info: Setting lmtt sub-encoding to TS1/0 on input line 384.
Package textcomp Info: Setting qhv sub-encoding to TS1/0 on input line 385.
Package textcomp Info: Setting qag sub-encoding to TS1/0 on input line 386.
Package textcomp Info: Setting qbk sub-encoding to TS1/0 on input line 387.
Package textcomp Info: Setting qcr sub-encoding to TS1/0 on input line 388.
Package textcomp Info: Setting qcs sub-encoding to TS1/0 on input line 389.
Package textcomp Info: Setting qpl sub-encoding to TS1/0 on input line 390.
Package textcomp Info: Setting qtm sub-encoding to TS1/0 on input line 391.
Package textcomp Info: Setting qzc sub-encoding to TS1/0 on input line 392.
Package textcomp Info: Setting qhvc sub-encoding to TS1/0 on input line 393.
Package textcomp Info: Setting futs sub-encoding to TS1/4 on input line 394.
Package textcomp Info: Setting futx sub-encoding to TS1/4 on input line 395.
Package textcomp Info: Setting futj sub-encoding to TS1/4 on input line 396.
Package textcomp Info: Setting hlh sub-encoding to TS1/3 on input line 397.
Package textcomp Info: Setting hls sub-encoding to TS1/3 on input line 398.
Package textcomp Info: Setting hlst sub-encoding to TS1/3 on input line 399.
Package textcomp Info: Setting hlct sub-encoding to TS1/5 on input line 400.
Package textcomp Info: Setting hlx sub-encoding to TS1/5 on input line 401.
Package textcomp Info: Setting hlce sub-encoding to TS1/5 on input line 402.
Package textcomp Info: Setting hlcn sub-encoding to TS1/5 on input line 403.
Package textcomp Info: Setting hlcw sub-encoding to TS1/5 on input line 404.
Package textcomp Info: Setting hlcf sub-encoding to TS1/5 on input line 405.
Package textcomp Info: Setting pplx sub-encoding to TS1/3 on input line 406.
Package textcomp Info: Setting pplj sub-encoding to TS1/3 on input line 407.
Package textcomp Info: Setting ptmx sub-encoding to TS1/4 on input line 408.
Package textcomp Info: Setting ptmj sub-encoding to TS1/4 on input line 409.
)) (/usr/share/texlive/texmf-dist/tex/latex/microtype/microtype.sty
Package: microtype 2016/05/14 v2.6a Micro-typographical refinements (RS)
\MT@toks=\toks22
\MT@count=\count138
LaTeX Info: Redefining \textls on input line 774.
\MT@outer@kern=\dimen146
LaTeX Info: Redefining \textmicrotypecontext on input line 1310.
\MT@listname@count=\count139
(/usr/share/texlive/texmf-dist/tex/latex/microtype/microtype-xetex.def
File: microtype-xetex.def 2016/05/14 v2.6a Definitions specific to xetex (RS)
LaTeX Info: Redefining \lsstyle on input line 255.
)
Package microtype Info: Loading configuration file microtype.cfg.
(/usr/share/texlive/texmf-dist/tex/latex/microtype/microtype.cfg
File: microtype.cfg 2016/05/14 v2.6a microtype main configuration file (RS)
)) (/usr/share/texlive/texmf-dist/tex/latex/hyperref/hyperref.sty
Package: hyperref 2016/06/24 v6.83q Hypertext links for LaTeX
(/usr/share/texlive/texmf-dist/tex/generic/oberdiek/hobsub-hyperref.sty
Package: hobsub-hyperref 2016/05/16 v1.14 Bundle oberdiek, subset hyperref (HO)

(/usr/share/texlive/texmf-dist/tex/generic/oberdiek/hobsub-generic.sty
Package: hobsub-generic 2016/05/16 v1.14 Bundle oberdiek, subset generic (HO)
Package: hobsub 2016/05/16 v1.14 Construct package bundles (HO)
Package: infwarerr 2016/05/16 v1.4 Providing info/warning/error messages (HO)
Package: ltxcmds 2016/05/16 v1.23 LaTeX kernel commands for general use (HO)
Package hobsub Info: Skipping package `ifluatex' (already loaded).
Package: ifvtex 2016/05/16 v1.6 Detect VTeX and its facilities (HO)
Package ifvtex Info: VTeX not detected.
Package: intcalc 2016/05/16 v1.2 Expandable calculations with integers (HO)
Package: ifpdf 2016/05/14 v3.1 Provides the ifpdf switch
Package: etexcmds 2016/05/16 v1.6 Avoid name clashes with e-TeX commands (HO)
Package etexcmds Info: Could not find \expanded.
(etexcmds)             That can mean that you are not using pdfTeX 1.50 or
(etexcmds)             that some package has redefined \expanded.
(etexcmds)             In the latter case, load this package earlier.
Package: kvsetkeys 2016/05/16 v1.17 Key value parser (HO)
Package: kvdefinekeys 2016/05/16 v1.4 Define keys (HO)
Package: pdftexcmds 2016/05/21 v0.22 Utility functions of pdfTeX for LuaTeX (HO
)
Package pdftexcmds Info: LuaTeX not detected.
Package pdftexcmds Info: pdfTeX >= 1.30 not detected.
Package pdftexcmds Info: \pdf@primitive is available.
Package pdftexcmds Info: \pdf@ifprimitive is available.
Package pdftexcmds Info: \pdfdraftmode not found.
Package: pdfescape 2016/05/16 v1.14 Implements pdfTeX's escape features (HO)
Package: bigintcalc 2016/05/16 v1.4 Expandable calculations on big integers (HO
)
Package: bitset 2016/05/16 v1.2 Handle bit-vector datatype (HO)
Package: uniquecounter 2016/05/16 v1.3 Provide unlimited unique counter (HO)
)
Package hobsub Info: Skipping package `hobsub' (already loaded).
Package: letltxmacro 2016/05/16 v1.5 Let assignment for LaTeX macros (HO)
Package: hopatch 2016/05/16 v1.3 Wrapper for package hooks (HO)
Package: xcolor-patch 2016/05/16 xcolor patch
Package: atveryend 2016/05/16 v1.9 Hooks at the very end of document (HO)
Package: atbegshi 2016/06/09 v1.18 At begin shipout hook (HO)
Package: refcount 2016/05/16 v3.5 Data extraction from label references (HO)
Package: hycolor 2016/05/16 v1.8 Color options for hyperref/bookmark (HO)
) (/usr/share/texlive/texmf-dist/tex/latex/oberdiek/auxhook.sty
Package: auxhook 2016/05/16 v1.4 Hooks for auxiliary files (HO)
) (/usr/share/texlive/texmf-dist/tex/latex/oberdiek/kvoptions.sty
Package: kvoptions 2016/05/16 v3.12 Key value format for package options (HO)
)
\@linkdim=\dimen147
\Hy@linkcounter=\count140
\Hy@pagecounter=\count141
(/usr/share/texlive/texmf-dist/tex/latex/hyperref/pd1enc.def
File: pd1enc.def 2016/06/24 v6.83q Hyperref: PDFDocEncoding definition (HO)
)
\Hy@SavedSpaceFactor=\count142
(/usr/share/texlive/texmf-dist/tex/latex/latexconfig/hyperref.cfg
File: hyperref.cfg 2002/06/06 v1.2 hyperref configuration of TeXLive
)
Package hyperref Info: Option `unicode' set `true' on input line 4362.
(/usr/share/texlive/texmf-dist/tex/latex/hyperref/puenc.def
File: puenc.def 2016/06/24 v6.83q Hyperref: PDF Unicode definition (HO)
)
Package hyperref Info: Hyper figures OFF on input line 4486.
Package hyperref Info: Link nesting OFF on input line 4491.
Package hyperref Info: Hyper index ON on input line 4494.
Package hyperref Info: Plain pages OFF on input line 4501.
Package hyperref Info: Backreferencing OFF on input line 4506.
Package hyperref Info: Implicit mode ON; LaTeX internals redefined.
Package hyperref Info: Bookmarks ON on input line 4735.
\c@Hy@tempcnt=\count143
(/usr/share/texlive/texmf-dist/tex/latex/url/url.sty
\Urlmuskip=\muskip17
Package: url 2013/09/16  ver 3.4  Verb mode for urls, etc.
)
LaTeX Info: Redefining \url on input line 5088.
\XeTeXLinkMargin=\dimen148
\Fld@menulength=\count144
\Field@Width=\dimen149
\Fld@charsize=\dimen150
Package hyperref Info: Hyper figures OFF on input line 6342.
Package hyperref Info: Link nesting OFF on input line 6347.
Package hyperref Info: Hyper index ON on input line 6350.
Package hyperref Info: backreferencing OFF on input line 6357.
Package hyperref Info: Link coloring OFF on input line 6362.
Package hyperref Info: Link coloring with OCG OFF on input line 6367.
Package hyperref Info: PDF/A mode OFF on input line 6372.
LaTeX Info: Redefining \ref on input line 6412.
LaTeX Info: Redefining \pageref on input line 6416.
\Hy@abspage=\count145
\c@Item=\count146
\c@Hfootnote=\count147
)

Package hyperref Message: Driver (autodetected): hxetex.

(/usr/share/texlive/texmf-dist/tex/latex/hyperref/hxetex.def
File: hxetex.def 2016/06/24 v6.83q Hyperref driver for XeTeX
(/usr/share/texlive/texmf-dist/tex/generic/oberdiek/stringenc.sty
Package: stringenc 2016/05/16 v1.11 Convert strings between diff. encodings (HO
)
)
\pdfm@box=\box44
\c@Hy@AnnotLevel=\count148
\HyField@AnnotCount=\count149
\Fld@listcount=\count150
\c@bookmark@seq@number=\count151
(/usr/share/texlive/texmf-dist/tex/latex/oberdiek/rerunfilecheck.sty
Package: rerunfilecheck 2016/05/16 v1.8 Rerun checks for auxiliary files (HO)
Package rerunfilecheck Info: Feature \pdfmdfivesum is not available
(rerunfilecheck)             (e.g. pdfTeX or LuaTeX with package `pdftexcmds').

(rerunfilecheck)             Therefore file contents cannot be checked efficien
tly
(rerunfilecheck)             and the loading of the package is aborted.
)
\Hy@SectionHShift=\skip52
)
Package hyperref Info: Option `breaklinks' set `true' on input line 30.
(/usr/share/texlive/texmf-dist/tex/latex/geometry/geometry.sty
Package: geometry 2010/09/12 v5.6 Page Geometry
\Gm@cnth=\count152
\Gm@cntv=\count153
\c@Gm@tempcnt=\count154
\Gm@bindingoffset=\dimen151
\Gm@wd@mp=\dimen152
\Gm@odd@mp=\dimen153
\Gm@even@mp=\dimen154
\Gm@layoutwidth=\dimen155
\Gm@layoutheight=\dimen156
\Gm@layouthoffset=\dimen157
\Gm@layoutvoffset=\dimen158
\Gm@dimlist=\toks23
) (/usr/share/texlive/texmf-dist/tex/latex/graphics/color.sty
Package: color 2016/07/10 v1.1e Standard LaTeX Color (DPC)
(/usr/share/texlive/texmf-dist/tex/latex/graphics-cfg/color.cfg
File: color.cfg 2016/01/02 v1.6 sample color configuration
)
Package color Info: Driver file: xetex.def on input line 147.
(/usr/share/texlive/texmf-dist/tex/latex/graphics-def/xetex.def
File: xetex.def 2016/07/11 v4.10 LaTeX color/graphics driver for XeTeX (L3/RRM/
JK)
)) (/usr/share/texlive/texmf-dist/tex/latex/fancyvrb/fancyvrb.sty
Package: fancyvrb 2008/02/07

Style option: `fancyvrb' v2.7a, with DG/SPQR fixes, and firstline=lastline fix 
<2008/02/07> (tvz)
\FV@CodeLineNo=\count155
\FV@InFile=\read2
\FV@TabBox=\box45
\c@FancyVerbLine=\count156
\FV@StepNumber=\count157
\FV@OutFile=\write3
) (/usr/share/texlive/texmf-dist/tex/latex/framed/framed.sty
Package: framed 2011/10/22 v 0.96: framed or shaded text with page breaks
\OuterFrameSep=\skip53
\fb@frw=\dimen159
\fb@frh=\dimen160
\FrameRule=\dimen161
\FrameSep=\dimen162
) (/usr/share/texlive/texmf-dist/tex/latex/graphics/graphicx.sty
Package: graphicx 2014/10/28 v1.0g Enhanced LaTeX Graphics (DPC,SPQR)
(/usr/share/texlive/texmf-dist/tex/latex/graphics/graphics.sty
Package: graphics 2016/10/09 v1.0u Standard LaTeX Graphics (DPC,SPQR)
(/usr/share/texlive/texmf-dist/tex/latex/graphics/trig.sty
Package: trig 2016/01/03 v1.10 sin cos tan (DPC)
) (/usr/share/texlive/texmf-dist/tex/latex/graphics-cfg/graphics.cfg
File: graphics.cfg 2016/06/04 v1.11 sample graphics configuration
)
Package graphics Info: Driver file: xetex.def on input line 99.
)
\Gin@req@height=\dimen163
\Gin@req@width=\dimen164
) (/usr/share/texlive/texmf-dist/tex/latex/oberdiek/grffile.sty
Package: grffile 2016/05/16 v1.17 Extended file name support for graphics (HO)
Package grffile Info: \Gread@QTm patched on input line 253.
Package grffile Info: \Gread@eps patched on input line 303.
Package grffile Info: Option `multidot' is set to `true'.
Package grffile Info: Option `extendedchars' is set to `false'.
Package grffile Info: Option `space' is set to `true'.
Package grffile Info: \Gin@ii of package `graphicx' fixed on input line 486.
) (/usr/share/texlive/texmf-dist/tex/latex/parskip/parskip.sty
Package: parskip 2001/04/09 non-zero parskip adjustments
) (/usr/share/texlive/texmf-dist/tex/latex/booktabs/booktabs.sty
Package: booktabs 2016/04/27 v1.618033 publication quality tables
\heavyrulewidth=\dimen165
\lightrulewidth=\dimen166
\cmidrulewidth=\dimen167
\belowrulesep=\dimen168
\belowbottomsep=\dimen169
\aboverulesep=\dimen170
\abovetopsep=\dimen171
\cmidrulesep=\dimen172
\cmidrulekern=\dimen173
\defaultaddspace=\dimen174
\@cmidla=\count158
\@cmidlb=\count159
\@aboverulesep=\dimen175
\@belowrulesep=\dimen176
\@thisruleclass=\count160
\@lastruleclass=\count161
\@thisrulewidth=\dimen177
) (/usr/share/texlive/texmf-dist/tex/latex/tools/longtable.sty
Package: longtable 2014/10/28 v4.11 Multi-page Table package (DPC)
\LTleft=\skip54
\LTright=\skip55
\LTpre=\skip56
\LTpost=\skip57
\LTchunksize=\count162
\LTcapwidth=\dimen178
\LT@head=\box46
\LT@firsthead=\box47
\LT@foot=\box48
\LT@lastfoot=\box49
\LT@cols=\count163
\LT@rows=\count164
\c@LT@tables=\count165
\c@LT@chunks=\count166
\LT@p@ftn=\toks24
) (/usr/share/texlive/texmf-dist/tex/latex/tools/array.sty
Package: array 2016/10/06 v2.4d Tabular extension package (FMi)
\col@sep=\dimen179
\extrarowheight=\dimen180
\NC@list=\toks25
\extratabsurround=\skip58
\backup@length=\skip59
) (/usr/share/texlive/texmf-dist/tex/latex/multirow/multirow.sty
Package: multirow 2016/11/25 v2.2 Span multiple rows of a table
\multirow@colwidth=\skip60
\multirow@cntb=\count167
\multirow@dima=\skip61
\bigstrutjot=\dimen181
) (/usr/share/texlive/texmf-dist/tex/latex/wrapfig/wrapfig.sty
\wrapoverhang=\dimen182
\WF@size=\dimen183
\c@WF@wrappedlines=\count168
\WF@box=\box50
\WF@everypar=\toks26
Package: wrapfig 2003/01/31  v 3.6
) (/usr/share/texlive/texmf-dist/tex/latex/float/float.sty
Package: float 2001/11/08 v1.3d Float enhancements (AL)
\c@float@type=\count169
\float@exts=\toks27
\float@box=\box51
\@float@everytoks=\toks28
\@floatcapt=\box52
) (/usr/share/texlive/texmf-dist/tex/latex/colortbl/colortbl.sty
Package: colortbl 2012/02/13 v1.0a Color table columns (DPC)
\everycr=\toks29
\minrowclearance=\skip62
) (/usr/share/texlive/texmf-dist/tex/latex/oberdiek/pdflscape.sty
Package: pdflscape 2016/05/14 v0.11 Display of landscape pages in PDF (HO)
(/usr/share/texlive/texmf-dist/tex/latex/graphics/lscape.sty
Package: lscape 2000/10/22 v3.01 Landscape Pages (DPC)
)
Package pdflscape Info: Auto-detected driver: dvipdfm (xetex) on input line 99.

) (/usr/share/texlive/texmf-dist/tex/latex/tabu/tabu.sty
Package: tabu 2011/02/26 v2.8 - flexible LaTeX tabulars (FC)
(/usr/share/texlive/texmf-dist/tex/latex/varwidth/varwidth.sty
Package: varwidth 2009/03/30 ver 0.92;  Variable-width minipages
\@vwid@box=\box53
\sift@deathcycles=\count170
\@vwid@loff=\dimen184
\@vwid@roff=\dimen185
)
\c@taburow=\count171
\tabu@nbcols=\count172
\tabu@cnt=\count173
\tabu@Xcol=\count174
\tabu@alloc=\count175
\tabu@nested=\count176
\tabu@target=\dimen186
\tabu@spreadtarget=\dimen187
\tabu@naturalX=\dimen188
\tabucolX=\dimen189
\tabu@Xsum=\dimen190
\extrarowdepth=\dimen191
\abovetabulinesep=\dimen192
\belowtabulinesep=\dimen193
\tabustrutrule=\dimen194
\tabu@thebody=\toks30
\tabu@footnotes=\toks31
\tabu@box=\box54
\tabu@arstrutbox=\box55
\tabu@hleads=\box56
\tabu@vleads=\box57
\tabu@cellskip=\skip63
) (/usr/share/texlive/texmf-dist/tex/latex/threeparttable/threeparttable.sty
Package: threeparttable 2003/06/13  v 3.0
\@tempboxb=\box58
) (/usr/share/texlive/texmf-dist/tex/latex/threeparttablex/threeparttablex.sty
Package: threeparttablex 2013/07/23 v0.3 by daleif
(/usr/share/texlive/texmf-dist/tex/latex/environ/environ.sty
Package: environ 2014/05/04 v0.3 A new way to define environments
(/usr/share/texlive/texmf-dist/tex/latex/trimspaces/trimspaces.sty
Package: trimspaces 2009/09/17 v1.1 Trim spaces around a token list
))
\TPTL@width=\skip64
) (/usr/share/texlive/texmf-dist/tex/generic/ulem/ulem.sty
\UL@box=\box59
\UL@hyphenbox=\box60
\UL@skip=\skip65
\UL@hook=\toks32
\UL@height=\dimen195
\UL@pe=\count177
\UL@pixel=\dimen196
\ULC@box=\box61
Package: ulem 2012/05/18
\ULdepth=\dimen197
) (/usr/share/texlive/texmf-dist/tex/latex/makecell/makecell.sty
Package: makecell 2009/08/03 V0.1e Managing of Tab Column Heads and Cells
\rotheadsize=\dimen198
\c@nlinenum=\count178
\TeXr@lab=\toks33
) (/usr/share/texlive/texmf-dist/tex/latex/xcolor/xcolor.sty
Package: xcolor 2016/05/11 v2.12 LaTeX color extensions (UK)
(/usr/share/texlive/texmf-dist/tex/latex/graphics-cfg/color.cfg
File: color.cfg 2016/01/02 v1.6 sample color configuration
)
Package xcolor Info: Driver file: xetex.def on input line 225.
LaTeX Info: Redefining \color on input line 709.
Package xcolor Info: Model `cmy' substituted by `cmy0' on input line 1348.
Package xcolor Info: Model `RGB' extended on input line 1364.
Package xcolor Info: Model `HTML' substituted by `rgb' on input line 1366.
Package xcolor Info: Model `Hsb' substituted by `hsb' on input line 1367.
Package xcolor Info: Model `tHsb' substituted by `hsb' on input line 1368.
Package xcolor Info: Model `HSB' substituted by `hsb' on input line 1369.
Package xcolor Info: Model `Gray' substituted by `gray' on input line 1370.
Package xcolor Info: Model `wave' substituted by `hsb' on input line 1371.
) (./USCLAP.aux)
\openout1 = `USCLAP.aux'.

LaTeX Font Info:    Checking defaults for OML/cmm/m/it on input line 126.
LaTeX Font Info:    ... okay on input line 126.
LaTeX Font Info:    Checking defaults for T1/cmr/m/n on input line 126.
LaTeX Font Info:    ... okay on input line 126.
LaTeX Font Info:    Checking defaults for OT1/cmr/m/n on input line 126.
LaTeX Font Info:    ... okay on input line 126.
LaTeX Font Info:    Checking defaults for OMS/cmsy/m/n on input line 126.
LaTeX Font Info:    ... okay on input line 126.
LaTeX Font Info:    Checking defaults for TU/lmr/m/n on input line 126.
LaTeX Font Info:    ... okay on input line 126.
LaTeX Font Info:    Checking defaults for OMX/cmex/m/n on input line 126.
LaTeX Font Info:    ... okay on input line 126.
LaTeX Font Info:    Checking defaults for U/cmr/m/n on input line 126.
LaTeX Font Info:    ... okay on input line 126.
LaTeX Font Info:    Checking defaults for TS1/cmr/m/n on input line 126.
LaTeX Font Info:    Try loading font information for TS1+cmr on input line 126.

(/usr/share/texlive/texmf-dist/tex/latex/base/ts1cmr.fd
File: ts1cmr.fd 2014/09/29 v2.5h Standard LaTeX font definitions
)
LaTeX Font Info:    ... okay on input line 126.
LaTeX Font Info:    Checking defaults for PD1/pdf/m/n on input line 126.
LaTeX Font Info:    ... okay on input line 126.
LaTeX Font Info:    Checking defaults for PU/pdf/m/n on input line 126.
LaTeX Font Info:    ... okay on input line 126.
LaTeX Info: Redefining \microtypecontext on input line 126.
Package microtype Info: Character protrusion enabled (level 2).
Package microtype Info: Using protrusion set `basicmath'.
Package microtype Info: No adjustment of tracking.
Package microtype Info: No adjustment of spacing.
Package microtype Info: No adjustment of kerning.
(/usr/share/texlive/texmf-dist/tex/latex/microtype/mt-LatinModernRoman.cfg
File: mt-LatinModernRoman.cfg 2013/03/13 v1.0 microtype config. file: Latin Mod
ern Roman (RS)
)
\AtBeginShipoutBox=\box62
Package hyperref Info: Link coloring OFF on input line 126.
(/usr/share/texlive/texmf-dist/tex/latex/hyperref/nameref.sty
Package: nameref 2016/05/21 v2.44 Cross-referencing by name of section
(/usr/share/texlive/texmf-dist/tex/generic/oberdiek/gettitlestring.sty
Package: gettitlestring 2016/05/16 v1.5 Cleanup title references (HO)
)
\c@section@level=\count179
)
LaTeX Info: Redefining \ref on input line 126.
LaTeX Info: Redefining \pageref on input line 126.
LaTeX Info: Redefining \nameref on input line 126.
(./USCLAP.out) (./USCLAP.out)
\@outlinefile=\write4
\openout4 = `USCLAP.out'.

*geometry* driver: auto-detecting
*geometry* detected driver: xetex
*geometry* verbose mode - [ preamble ] result:
* driver: xetex
* paper: <default>
* layout: <same size as paper>
* layoutoffset:(h,v)=(0.0pt,0.0pt)
* modes: 
* h-part:(L,W,R)=(72.26999pt, 469.75502pt, 72.26999pt)
* v-part:(T,H,B)=(72.26999pt, 650.43001pt, 72.26999pt)
* \paperwidth=614.295pt
* \paperheight=794.96999pt
* \textwidth=469.75502pt
* \textheight=650.43001pt
* \oddsidemargin=0.0pt
* \evensidemargin=0.0pt
* \topmargin=-37.0pt
* \headheight=12.0pt
* \headsep=25.0pt
* \topskip=10.0pt
* \footskip=30.0pt
* \marginparwidth=65.0pt
* \marginparsep=11.0pt
* \columnsep=10.0pt
* \skip\footins=9.0pt plus 4.0pt minus 2.0pt
* \hoffset=0.0pt
* \voffset=0.0pt
* \mag=1000
* \@twocolumnfalse
* \@twosidefalse
* \@mparswitchfalse
* \@reversemarginfalse
* (1in=72.27pt=25.4mm, 1cm=28.453pt)

LaTeX Font Info:    Try loading font information for OT1+lmr on input line 128.

(/usr/share/texmf/tex/latex/lm/ot1lmr.fd
File: ot1lmr.fd 2009/10/30 v1.6 Font defs for Latin Modern
)
Package microtype Info: Loading generic settings for font family
(microtype)             `lmr' (encoding: OT1).
(microtype)             For optimal results, create family-specific settings.
(microtype)             See the microtype manual for details.
LaTeX Font Info:    Try loading font information for OML+lmm on input line 128.

(/usr/share/texmf/tex/latex/lm/omllmm.fd
File: omllmm.fd 2009/10/30 v1.6 Font defs for Latin Modern
)
LaTeX Font Info:    Try loading font information for OMS+lmsy on input line 128
.
(/usr/share/texmf/tex/latex/lm/omslmsy.fd
File: omslmsy.fd 2009/10/30 v1.6 Font defs for Latin Modern
)
LaTeX Font Info:    Try loading font information for OMX+lmex on input line 128
.
(/usr/share/texmf/tex/latex/lm/omxlmex.fd
File: omxlmex.fd 2009/10/30 v1.6 Font defs for Latin Modern
)
LaTeX Font Info:    External font `lmex10' loaded for size
(Font)              <12> on input line 128.
LaTeX Font Info:    External font `lmex10' loaded for size
(Font)              <8> on input line 128.
LaTeX Font Info:    External font `lmex10' loaded for size
(Font)              <6> on input line 128.
LaTeX Font Info:    Try loading font information for U+msa on input line 128.
(/usr/share/texlive/texmf-dist/tex/latex/amsfonts/umsa.fd
File: umsa.fd 2013/01/14 v3.01 AMS symbols A
) (/usr/share/texlive/texmf-dist/tex/latex/microtype/mt-msa.cfg
File: mt-msa.cfg 2006/02/04 v1.1 microtype config. file: AMS symbols (a) (RS)
)
LaTeX Font Info:    Try loading font information for U+msb on input line 128.
(/usr/share/texlive/texmf-dist/tex/latex/amsfonts/umsb.fd
File: umsb.fd 2013/01/14 v3.01 AMS symbols B
) (/usr/share/texlive/texmf-dist/tex/latex/microtype/mt-msb.cfg
File: mt-msb.cfg 2005/06/01 v1.0 microtype config. file: AMS symbols (b) (RS)
) [1

]
File: USCLAP_files/figure-latex/unnamed-chunk-1-1.pdf Graphic file (type QTm)
<use  "USCLAP_files/figure-latex/unnamed-chunk-1-1.pdf" >
LaTeX Font Info:    External font `lmex10' loaded for size
(Font)              <10> on input line 257.
LaTeX Font Info:    External font `lmex10' loaded for size
(Font)              <7> on input line 257.
LaTeX Font Info:    External font `lmex10' loaded for size
(Font)              <5> on input line 257.
[2] [3]
File: Data Frame Pic.png Graphic file (type QTm)
<use  "Data Frame Pic.png" >
Overfull \hbox (694.68745pt too wide) in paragraph at lines 343--344
[][] 
 []

[4]
Overfull \hbox (0.13686pt too wide) in paragraph at lines 376--379
[]$\OML/lmm/m/it/10 ^^[\OT1/lmr/m/n/10 ([][]) = []  $ \TU/lmr/m/n/10 and $  \OM
L/lmm/m/it/10 ^^[\OT1/lmr/m/n/10 ([][]) = []$ 
 []

File: USCLAP_files/figure-latex/unnamed-chunk-5-1.pdf Graphic file (type QTm)
<use  "USCLAP_files/figure-latex/unnamed-chunk-5-1.pdf" >
File: USCLAP_files/figure-latex/unnamed-chunk-6-1.pdf Graphic file (type QTm)
<use  "USCLAP_files/figure-latex/unnamed-chunk-6-1.pdf" >
File: USCLAP_files/figure-latex/unnamed-chunk-7-1.pdf Graphic file (type QTm)
<use  "USCLAP_files/figure-latex/unnamed-chunk-7-1.pdf" >
File: USCLAP_files/figure-latex/unnamed-chunk-8-1.pdf Graphic file (type QTm)
<use  "USCLAP_files/figure-latex/unnamed-chunk-8-1.pdf" >
File: USCLAP_files/figure-latex/unnamed-chunk-9-1.pdf Graphic file (type QTm)
<use  "USCLAP_files/figure-latex/unnamed-chunk-9-1.pdf" > [5] [6] [7]
File: USCLAP_files/figure-latex/unnamed-chunk-10-1.pdf Graphic file (type QTm)
<use  "USCLAP_files/figure-latex/unnamed-chunk-10-1.pdf" > [8]
File: USCLAP_files/figure-latex/unnamed-chunk-11-1.pdf Graphic file (type QTm)
<use  "USCLAP_files/figure-latex/unnamed-chunk-11-1.pdf" >
File: USCLAP_files/figure-latex/unnamed-chunk-12-1.pdf Graphic file (type QTm)
<use  "USCLAP_files/figure-latex/unnamed-chunk-12-1.pdf" >
File: USCLAP_files/figure-latex/unnamed-chunk-13-1.pdf Graphic file (type QTm)
<use  "USCLAP_files/figure-latex/unnamed-chunk-13-1.pdf" >
File: USCLAP_files/figure-latex/unnamed-chunk-14-1.pdf Graphic file (type QTm)
<use  "USCLAP_files/figure-latex/unnamed-chunk-14-1.pdf" > [9] [10]
File: USCLAP_files/figure-latex/unnamed-chunk-15-1.pdf Graphic file (type QTm)
<use  "USCLAP_files/figure-latex/unnamed-chunk-15-1.pdf" >
File: USCLAP_files/figure-latex/unnamed-chunk-16-1.pdf Graphic file (type QTm)
<use  "USCLAP_files/figure-latex/unnamed-chunk-16-1.pdf" >
File: USCLAP_files/figure-latex/unnamed-chunk-17-1.pdf Graphic file (type QTm)
<use  "USCLAP_files/figure-latex/unnamed-chunk-17-1.pdf" > [11] [12]
File: USCLAP_files/figure-latex/unnamed-chunk-18-1.pdf Graphic file (type QTm)
<use  "USCLAP_files/figure-latex/unnamed-chunk-18-1.pdf" >
File: USCLAP_files/figure-latex/unnamed-chunk-19-1.pdf Graphic file (type QTm)
<use  "USCLAP_files/figure-latex/unnamed-chunk-19-1.pdf" >
File: USCLAP_files/figure-latex/unnamed-chunk-20-1.pdf Graphic file (type QTm)
<use  "USCLAP_files/figure-latex/unnamed-chunk-20-1.pdf" > [13] [14]
File: USCLAP_files/figure-latex/unnamed-chunk-21-1.pdf Graphic file (type QTm)
<use  "USCLAP_files/figure-latex/unnamed-chunk-21-1.pdf" >
File: USCLAP_files/figure-latex/unnamed-chunk-22-1.pdf Graphic file (type QTm)
<use  "USCLAP_files/figure-latex/unnamed-chunk-22-1.pdf" > [15]
File: USCLAP_files/figure-latex/unnamed-chunk-23-1.pdf Graphic file (type QTm)
<use  "USCLAP_files/figure-latex/unnamed-chunk-23-1.pdf" >
File: USCLAP_files/figure-latex/unnamed-chunk-24-1.pdf Graphic file (type QTm)
<use  "USCLAP_files/figure-latex/unnamed-chunk-24-1.pdf" > [16]
File: USCLAP_files/figure-latex/unnamed-chunk-25-1.pdf Graphic file (type QTm)
<use  "USCLAP_files/figure-latex/unnamed-chunk-25-1.pdf" >
File: USCLAP_files/figure-latex/unnamed-chunk-26-1.pdf Graphic file (type QTm)
<use  "USCLAP_files/figure-latex/unnamed-chunk-26-1.pdf" >
File: USCLAP_files/figure-latex/unnamed-chunk-27-1.pdf Graphic file (type QTm)
<use  "USCLAP_files/figure-latex/unnamed-chunk-27-1.pdf" >
File: USCLAP_files/figure-latex/unnamed-chunk-28-1.pdf Graphic file (type QTm)
<use  "USCLAP_files/figure-latex/unnamed-chunk-28-1.pdf" > [17] [18]
File: USCLAP_files/figure-latex/unnamed-chunk-29-1.pdf Graphic file (type QTm)
<use  "USCLAP_files/figure-latex/unnamed-chunk-29-1.pdf" >
File: USCLAP_files/figure-latex/unnamed-chunk-30-1.pdf Graphic file (type QTm)
<use  "USCLAP_files/figure-latex/unnamed-chunk-30-1.pdf" >
File: USCLAP_files/figure-latex/unnamed-chunk-31-1.pdf Graphic file (type QTm)
<use  "USCLAP_files/figure-latex/unnamed-chunk-31-1.pdf" >
File: USCLAP_files/figure-latex/unnamed-chunk-32-1.pdf Graphic file (type QTm)
<use  "USCLAP_files/figure-latex/unnamed-chunk-32-1.pdf" >
File: USCLAP_files/figure-latex/unnamed-chunk-33-1.pdf Graphic file (type QTm)
<use  "USCLAP_files/figure-latex/unnamed-chunk-33-1.pdf" > [19] [20] [21] [22] 
[23]
File: USCLAP_files/figure-latex/unnamed-chunk-41-1.pdf Graphic file (type QTm)
<use  "USCLAP_files/figure-latex/unnamed-chunk-41-1.pdf" > [24]
File: USCLAP_files/figure-latex/unnamed-chunk-43-1.pdf Graphic file (type QTm)
<use  "USCLAP_files/figure-latex/unnamed-chunk-43-1.pdf" >
File: USCLAP_files/figure-latex/unnamed-chunk-44-1.pdf Graphic file (type QTm)
<use  "USCLAP_files/figure-latex/unnamed-chunk-44-1.pdf" >
File: USCLAP_files/figure-latex/unnamed-chunk-46-1.pdf Graphic file (type QTm)
<use  "USCLAP_files/figure-latex/unnamed-chunk-46-1.pdf" > [25] [26]
File: USCLAP_files/figure-latex/unnamed-chunk-47-1.pdf Graphic file (type QTm)
<use  "USCLAP_files/figure-latex/unnamed-chunk-47-1.pdf" >
File: USCLAP_files/figure-latex/unnamed-chunk-48-1.pdf Graphic file (type QTm)
<use  "USCLAP_files/figure-latex/unnamed-chunk-48-1.pdf" >
File: USCLAP_files/figure-latex/unnamed-chunk-50-1.pdf Graphic file (type QTm)
<use  "USCLAP_files/figure-latex/unnamed-chunk-50-1.pdf" > [27] [28]
File: USCLAP_files/figure-latex/unnamed-chunk-52-1.pdf Graphic file (type QTm)
<use  "USCLAP_files/figure-latex/unnamed-chunk-52-1.pdf" > [29]
File: USCLAP_files/figure-latex/unnamed-chunk-54-1.pdf Graphic file (type QTm)
<use  "USCLAP_files/figure-latex/unnamed-chunk-54-1.pdf" >
File: USCLAP_files/figure-latex/unnamed-chunk-56-1.pdf Graphic file (type QTm)
<use  "USCLAP_files/figure-latex/unnamed-chunk-56-1.pdf" >
File: USCLAP_files/figure-latex/unnamed-chunk-58-1.pdf Graphic file (type QTm)
<use  "USCLAP_files/figure-latex/unnamed-chunk-58-1.pdf" >
File: USCLAP_files/figure-latex/unnamed-chunk-60-1.pdf Graphic file (type QTm)
<use  "USCLAP_files/figure-latex/unnamed-chunk-60-1.pdf" > [30] [31] [32]
Overfull \hbox (18.4649pt too wide) in paragraph at lines 1494--1494
[]\TU/lmtt/m/n/12 ## Warning in grid.Call.graphics(C_text, as.graphicsAnnot(x$l
abel), x$x, x$y, :[] 
 []


Overfull \hbox (18.4649pt too wide) in paragraph at lines 1499--1499
[]\TU/lmtt/m/n/12 ## Warning in grid.Call.graphics(C_text, as.graphicsAnnot(x$l
abel), x$x, x$y, :[] 
 []

File: USCLAP_files/figure-latex/unnamed-chunk-62-1.pdf Graphic file (type QTm)
<use  "USCLAP_files/figure-latex/unnamed-chunk-62-1.pdf" > [33]
Overfull \hbox (18.4649pt too wide) in paragraph at lines 1587--1587
[]\TU/lmtt/m/n/12 ## Warning in grid.Call.graphics(C_text, as.graphicsAnnot(x$l
abel), x$x, x$y, :[] 
 []


Overfull \hbox (18.4649pt too wide) in paragraph at lines 1592--1592
[]\TU/lmtt/m/n/12 ## Warning in grid.Call.graphics(C_text, as.graphicsAnnot(x$l
abel), x$x, x$y, :[] 
 []

File: USCLAP_files/figure-latex/unnamed-chunk-64-1.pdf Graphic file (type QTm)
<use  "USCLAP_files/figure-latex/unnamed-chunk-64-1.pdf" > [34]
Overfull \hbox (18.4649pt too wide) in paragraph at lines 1680--1680
[]\TU/lmtt/m/n/12 ## Warning in grid.Call.graphics(C_text, as.graphicsAnnot(x$l
abel), x$x, x$y, :[] 
 []


Overfull \hbox (18.4649pt too wide) in paragraph at lines 1685--1685
[]\TU/lmtt/m/n/12 ## Warning in grid.Call.graphics(C_text, as.graphicsAnnot(x$l
abel), x$x, x$y, :[] 
 []

[35]
File: USCLAP_files/figure-latex/unnamed-chunk-66-1.pdf Graphic file (type QTm)
<use  "USCLAP_files/figure-latex/unnamed-chunk-66-1.pdf" > [36]
Overfull \hbox (18.4649pt too wide) in paragraph at lines 1773--1773
[]\TU/lmtt/m/n/12 ## Warning in grid.Call.graphics(C_text, as.graphicsAnnot(x$l
abel), x$x, x$y, :[] 
 []


Overfull \hbox (18.4649pt too wide) in paragraph at lines 1778--1778
[]\TU/lmtt/m/n/12 ## Warning in grid.Call.graphics(C_text, as.graphicsAnnot(x$l
abel), x$x, x$y, :[] 
 []

File: USCLAP_files/figure-latex/unnamed-chunk-68-1.pdf Graphic file (type QTm)
<use  "USCLAP_files/figure-latex/unnamed-chunk-68-1.pdf" > [37]
Overfull \hbox (18.4649pt too wide) in paragraph at lines 1866--1866
[]\TU/lmtt/m/n/12 ## Warning in grid.Call.graphics(C_text, as.graphicsAnnot(x$l
abel), x$x, x$y, :[] 
 []


Overfull \hbox (18.4649pt too wide) in paragraph at lines 1871--1871
[]\TU/lmtt/m/n/12 ## Warning in grid.Call.graphics(C_text, as.graphicsAnnot(x$l
abel), x$x, x$y, :[] 
 []

File: USCLAP_files/figure-latex/unnamed-chunk-70-1.pdf Graphic file (type QTm)
<use  "USCLAP_files/figure-latex/unnamed-chunk-70-1.pdf" > [38] [39]

Package xcolor Warning: Incompatible color definition on input line 1981.

LaTeX Font Info:    Font shape `TU/lmtt/bx/n' in size <12> not available
(Font)              Font shape `TU/lmtt/b/n' tried instead on input line 1985.

Package xcolor Warning: Incompatible color definition on input line 1993.


Package xcolor Warning: Incompatible color definition on input line 1993.

[40]

Package xcolor Warning: Incompatible color definition on input line 2040.


Package xcolor Warning: Incompatible color definition on input line 2054.


Package xcolor Warning: Incompatible color definition on input line 2054.

[41]

Package xcolor Warning: Incompatible color definition on input line 2118.


Package xcolor Warning: Incompatible color definition on input line 2148.


Package xcolor Warning: Incompatible color definition on input line 2148.


Overfull \hbox (65.24901pt too wide) in paragraph at lines 2159--2173
 [][] 
 []

[42]

Package xcolor Warning: Incompatible color definition on input line 2205.


Package xcolor Warning: Incompatible color definition on input line 2219.


Package xcolor Warning: Incompatible color definition on input line 2219.

[43]

Package xcolor Warning: Incompatible color definition on input line 2270.


Package xcolor Warning: Incompatible color definition on input line 2284.


Package xcolor Warning: Incompatible color definition on input line 2284.

[44] [45]
Overfull \hbox (323.76097pt too wide) in paragraph at lines 2376--2390
 [][] 
 []

File: USCLAP_files/figure-latex/unnamed-chunk-90-1.pdf Graphic file (type QTm)
<use  "USCLAP_files/figure-latex/unnamed-chunk-90-1.pdf" >
File: USCLAP_files/figure-latex/unnamed-chunk-91-1.pdf Graphic file (type QTm)
<use  "USCLAP_files/figure-latex/unnamed-chunk-91-1.pdf" >
File: USCLAP_files/figure-latex/unnamed-chunk-92-1.pdf Graphic file (type QTm)
<use  "USCLAP_files/figure-latex/unnamed-chunk-92-1.pdf" >
File: USCLAP_files/figure-latex/unnamed-chunk-93-1.pdf Graphic file (type QTm)
<use  "USCLAP_files/figure-latex/unnamed-chunk-93-1.pdf" > [46] [47] [48] [49]

Package xcolor Warning: Incompatible color definition on input line 2620.

[50]

Package xcolor Warning: Incompatible color definition on input line 2632.


Package xcolor Warning: Incompatible color definition on input line 2632.

[51] [52]
File: USCLAP_files/figure-latex/unnamed-chunk-99-1.pdf Graphic file (type QTm)
<use  "USCLAP_files/figure-latex/unnamed-chunk-99-1.pdf" >
File: USCLAP_files/figure-latex/unnamed-chunk-100-1.pdf Graphic file (type QTm)

<use  "USCLAP_files/figure-latex/unnamed-chunk-100-1.pdf" >
File: USCLAP_files/figure-latex/unnamed-chunk-101-1.pdf Graphic file (type QTm)

<use  "USCLAP_files/figure-latex/unnamed-chunk-101-1.pdf" > [53] [54] [55]
File: USCLAP_files/figure-latex/unnamed-chunk-102-1.pdf Graphic file (type QTm)

<use  "USCLAP_files/figure-latex/unnamed-chunk-102-1.pdf" > [56]
File: USCLAP_files/figure-latex/unnamed-chunk-103-1.pdf Graphic file (type QTm)

<use  "USCLAP_files/figure-latex/unnamed-chunk-103-1.pdf" >
File: USCLAP_files/figure-latex/unnamed-chunk-104-1.pdf Graphic file (type QTm)

<use  "USCLAP_files/figure-latex/unnamed-chunk-104-1.pdf" >
File: USCLAP_files/figure-latex/unnamed-chunk-105-1.pdf Graphic file (type QTm)

<use  "USCLAP_files/figure-latex/unnamed-chunk-105-1.pdf" > [57] [58] [59]
File: USCLAP_files/figure-latex/unnamed-chunk-106-1.pdf Graphic file (type QTm)

<use  "USCLAP_files/figure-latex/unnamed-chunk-106-1.pdf" >
File: USCLAP_files/figure-latex/unnamed-chunk-107-1.pdf Graphic file (type QTm)

<use  "USCLAP_files/figure-latex/unnamed-chunk-107-1.pdf" > [60] [61]
Package atveryend Info: Empty hook `BeforeClearDocument' on input line 3018.
[62]
Package atveryend Info: Empty hook `AfterLastShipout' on input line 3018.
(./USCLAP.aux)
Package atveryend Info: Empty hook `AtVeryEndDocument' on input line 3018.
Package atveryend Info: Empty hook `AtEndAfterFileList' on input line 3018.
 ) 
Here is how much of TeX's memory you used:
 23795 strings out of 493068
 451334 string characters out of 6137720
 537011 words of memory out of 5000000
 27371 multiletter control sequences out of 15000+600000
 28477 words of font info for 57 fonts, out of 8000000 for 9000
 1347 hyphenation exceptions out of 8191
 41i,9n,68p,10404b,460s stack positions out of 5000i,500n,10000p,200000b,80000s

Output written on USCLAP.pdf (62 pages).
